2025-10-18 14:41:28.520 DEBUG o.s.security.web.FilterChainProxy [http-nio-8100-exec-1] - Securing POST /api
2025-10-18 14:41:28.537 DEBUG OriginCheckFilter [http-nio-8100-exec-1] - Incoming request: method=POST uri=/api origin=http://localhost:8100 referer=http://localhost:8100/ cookieHeader=_ga=GA1.1.1522249782.1715938933; appearance=light; remember_web_59ba36addc2b2f9401580f014c7f58ea4e30989d=eyJpdiI6Im51SEZMaFQ4V3JrMWF5MWJmUHJFVXc9PSIsInZhbHVlIjoiZUlyWGJpVy9PSnhIeG53aEtyQUlRWUlHeWhiV0hxd0UxUWhydDVPOGVzazcwNEJyZG9RSm1RdGx5ZXp0SU1wbEI5YkprR0lvUTZNVjFjQm9aeVljYVhtMXRjaUFEMWNmd1V6Y1J2cjJlOUVJUkFVZE1BVU03eVhhUlZMWkZPcDhHVVViM3c4VnZhd1BLN2RVY2RCSmx6WDE4UENDVmlaVlNiWnJRU0d5Qmg2Y2ZoS0kwV01Dai8vRnlSOUo5bFdJZzVCdVJzVllUZEpCcEZQSVdTSXBVS0liY3dqT1hJY1hURjVMMC9sdjNTUT0iLCJtYWMiOiJmZmMzY2ZmNjY0MWM1YjU2ODlmMWQ4ZDNiZWE1YmIwMDE3YTk0NDEzNmJmNmNkYzlkNTdmNWJlMmViOGYwOGE4IiwidGFnIjoiIn0%3D; next-auth.session-token=eyJhbGciOiJkaXIiLCJlbmMiOiJBMjU2R0NNIn0..-r7pnlETvSb6bZhW.ThvoCSkKsfsa_Z3bGh4U5uIOtQlAZ0T5xe_3zY3_Pu49diAkHazFb7oYEKEzUe4ZQQL-HqwkOfqM-6BYG9CITBsPGFlOF8t1u6XjR17oa1xmUunK5Ri5t4vDJaDDTuuL31QzzWJ0NNFUG5UhNqugn9Fk3XGzJ8o0qoWSo0CPrUQ0pBtS_wgVTSZlfm_osek_gak3SxANbPEdVz9ivHWmMZJc6SgyJHUmziOG0jV_9kN7XJ22Z3Vkj6sS7uo.y1LiQ5BSn_YwhkxxC7GlQw; _ga_DDV10RFLYD=GS2.1.s1760513657$o131$g1$t1760517277$j39$l0$h0; auth_token=your-secure-token-here; XSRF-TOKEN=6bc0520b-1af5-428d-ae54-6a4bc18d8c2f; JSESSIONID=8028D7D9A6B9F2E1841F2B9C01F635B2
2025-10-18 14:41:28.614 DEBUG OriginCheckFilter [http-nio-8100-exec-1] - Cookie present: name=_ga value=GA1.1.1522249782.1715938933
2025-10-18 14:41:28.685 DEBUG OriginCheckFilter [http-nio-8100-exec-1] - Cookie present: name=appearance value=light
2025-10-18 14:41:28.834 DEBUG OriginCheckFilter [http-nio-8100-exec-1] - Cookie present: name=remember_web_59ba36addc2b2f9401580f014c7f58ea4e30989d value=eyJpdiI6Im51SEZMaFQ4V3JrMWF5MWJmUHJFVXc9PSIsInZhbHVlIjoiZUlyWGJpVy9PSnhIeG53aEtyQUlRWUlHeWhiV0hxd0UxUWhydDVPOGVzazcwNEJyZG9RSm1RdGx5ZXp0SU1wbEI5YkprR0lvUTZNVjFjQm9aeVljYVhtMXRjaUFEMWNmd1V6Y1J2cjJlOUVJUkFVZE1BVU03eVhhUlZMWkZPcDhHVVViM3c4VnZhd1BLN2RVY2RCSmx6WDE4UENDVmlaVlNiWnJRU0d5Qmg2Y2ZoS0kwV01Dai8vRnlSOUo5bFdJZzVCdVJzVllUZEpCcEZQSVdTSXBVS0liY3dqT1hJY1hURjVMMC9sdjNTUT0iLCJtYWMiOiJmZmMzY2ZmNjY0MWM1YjU2ODlmMWQ4ZDNiZWE1YmIwMDE3YTk0NDEzNmJmNmNkYzlkNTdmNWJlMmViOGYwOGE4IiwidGFnIjoiIn0%3D
2025-10-18 14:41:28.975 DEBUG OriginCheckFilter [http-nio-8100-exec-1] - Cookie present: name=next-auth.session-token value=eyJhbGciOiJkaXIiLCJlbmMiOiJBMjU2R0NNIn0..-r7pnlETvSb6bZhW.ThvoCSkKsfsa_Z3bGh4U5uIOtQlAZ0T5xe_3zY3_Pu49diAkHazFb7oYEKEzUe4ZQQL-HqwkOfqM-6BYG9CITBsPGFlOF8t1u6XjR17oa1xmUunK5Ri5t4vDJaDDTuuL31QzzWJ0NNFUG5UhNqugn9Fk3XGzJ8o0qoWSo0CPrUQ0pBtS_wgVTSZlfm_osek_gak3SxANbPEdVz9ivHWmMZJc6SgyJHUmziOG0jV_9kN7XJ22Z3Vkj6sS7uo.y1LiQ5BSn_YwhkxxC7GlQw
2025-10-18 14:41:29.090 DEBUG OriginCheckFilter [http-nio-8100-exec-1] - Cookie present: name=_ga_DDV10RFLYD value=GS2.1.s1760513657$o131$g1$t1760517277$j39$l0$h0
2025-10-18 14:41:29.135 DEBUG OriginCheckFilter [http-nio-8100-exec-1] - Cookie present: name=auth_token value=your-secure-token-here
2025-10-18 14:41:29.194 DEBUG OriginCheckFilter [http-nio-8100-exec-1] - Cookie present: name=XSRF-TOKEN value=6bc0520b-1af5-428d-ae54-6a4bc18d8c2f
2025-10-18 14:41:29.268 DEBUG OriginCheckFilter [http-nio-8100-exec-1] - Cookie present: name=JSESSIONID value=8028D7D9A6B9F2E1841F2B9C01F635B2
2025-10-18 14:41:29.316 DEBUG OriginCheckFilter [http-nio-8100-exec-1] - _csrf request attribute not present
2025-10-18 14:41:29.355 DEBUG OriginCheckFilter [http-nio-8100-exec-1] - Origin/referer check passed (or headers missing but allowed).
2025-10-18 14:41:29.398 DEBUG app.config.SecurityConfig [http-nio-8100-exec-1] - CSRF ignore check: method=POST uri=/api
2025-10-18 14:41:29.419 DEBUG app.config.SecurityConfig [http-nio-8100-exec-1] - CSRF ignore matcher result: matched=false
2025-10-18 14:41:29.458 DEBUG o.s.security.web.FilterChainProxy [http-nio-8100-exec-1] - Secured POST /api
2025-10-18 14:41:29.474 DEBUG o.s.web.servlet.DispatcherServlet [http-nio-8100-exec-1] - POST "/api", parameters={}
2025-10-18 14:41:29.503 DEBUG o.s.w.s.m.m.a.RequestMappingHandlerMapping [http-nio-8100-exec-1] - Mapped to app.controller.ApiController#postMethodName(String, HttpServletResponse)
2025-10-18 14:41:29.524 DEBUG o.s.w.s.m.m.a.RequestResponseBodyMethodProcessor [http-nio-8100-exec-1] - Read "application/json;charset=UTF-8" to ["{"message":"hello"}"]
2025-10-18 14:41:29.574 DEBUG o.s.w.s.m.m.a.RequestResponseBodyMethodProcessor [http-nio-8100-exec-1] - Found 'Content-Type:application/json' in response
2025-10-18 14:41:29.601 DEBUG o.s.w.s.m.m.a.RequestResponseBodyMethodProcessor [http-nio-8100-exec-1] - Writing ["{"message":"hello"}"]
2025-10-18 14:41:29.631 DEBUG o.s.web.servlet.DispatcherServlet [http-nio-8100-exec-1] - Completed 200 OK
2025-10-18 14:41:29.658 DEBUG o.s.s.w.a.AnonymousAuthenticationFilter [http-nio-8100-exec-1] - Set SecurityContextHolder to anonymous SecurityContext
2025-10-18 14:41:29.673 DEBUG CsrfPostCheckLogger [http-nio-8100-exec-1] - _csrf attribute after CsrfFilter: org.springframework.security.web.csrf.CsrfTokenRequestAttributeHandler$SupplierCsrfToken
2025-10-18 14:41:29.705 DEBUG CsrfPostCheckLogger [http-nio-8100-exec-1] - CsrfToken token=6bc0520b-1af5-428d-ae54-6a4bc18d8c2f headerName=X-XSRF-TOKEN parameterName=_csrf
2025-10-18 14:41:29.745 DEBUG CsrfPostCheckLogger [http-nio-8100-exec-1] - Request header X-XSRF-TOKEN=6bc0520b-1af5-428d-ae54-6a4bc18d8c2f
2025-10-18 14:41:29.752 DEBUG CsrfPostCheckLogger [http-nio-8100-exec-1] - Request header Cookie=_ga=GA1.1.1522249782.1715938933; appearance=light; remember_web_59ba36addc2b2f9401580f014c7f58ea4e30989d=eyJpdiI6Im51SEZMaFQ4V3JrMWF5MWJmUHJFVXc9PSIsInZhbHVlIjoiZUlyWGJpVy9PSnhIeG53aEtyQUlRWUlHeWhiV0hxd0UxUWhydDVPOGVzazcwNEJyZG9RSm1RdGx5ZXp0SU1wbEI5YkprR0lvUTZNVjFjQm9aeVljYVhtMXRjaUFEMWNmd1V6Y1J2cjJlOUVJUkFVZE1BVU03eVhhUlZMWkZPcDhHVVViM3c4VnZhd1BLN2RVY2RCSmx6WDE4UENDVmlaVlNiWnJRU0d5Qmg2Y2ZoS0kwV01Dai8vRnlSOUo5bFdJZzVCdVJzVllUZEpCcEZQSVdTSXBVS0liY3dqT1hJY1hURjVMMC9sdjNTUT0iLCJtYWMiOiJmZmMzY2ZmNjY0MWM1YjU2ODlmMWQ4ZDNiZWE1YmIwMDE3YTk0NDEzNmJmNmNkYzlkNTdmNWJlMmViOGYwOGE4IiwidGFnIjoiIn0%3D; next-auth.session-token=eyJhbGciOiJkaXIiLCJlbmMiOiJBMjU2R0NNIn0..-r7pnlETvSb6bZhW.ThvoCSkKsfsa_Z3bGh4U5uIOtQlAZ0T5xe_3zY3_Pu49diAkHazFb7oYEKEzUe4ZQQL-HqwkOfqM-6BYG9CITBsPGFlOF8t1u6XjR17oa1xmUunK5Ri5t4vDJaDDTuuL31QzzWJ0NNFUG5UhNqugn9Fk3XGzJ8o0qoWSo0CPrUQ0pBtS_wgVTSZlfm_osek_gak3SxANbPEdVz9ivHWmMZJc6SgyJHUmziOG0jV_9kN7XJ22Z3Vkj6sS7uo.y1LiQ5BSn_YwhkxxC7GlQw; _ga_DDV10RFLYD=GS2.1.s1760513657$o131$g1$t1760517277$j39$l0$h0; auth_token=your-secure-token-here; XSRF-TOKEN=6bc0520b-1af5-428d-ae54-6a4bc18d8c2f; JSESSIONID=8028D7D9A6B9F2E1841F2B9C01F635B2
